app/build/intermediates/manifest_merge_blame_file/debug/processDebugMainManifest/manifest-merger-blame-debug-report.txt
1<?xml version="1.0" encoding="utf-8"?>
2<manifest xmlns:android="http://schemas.android.com/apk/res/android"
3    package="com.kiranstore.manager"
4    android:versionCode="1"
5    android:versionName="1.0.0" >
6
7    <uses-sdk
8        android:minSdkVersion="26"
9        android:targetSdkVersion="35" />
10
11    <!-- Permissions -->
12    <uses-permission android:name="android.permission.INTERNET" />
12-->src\main\AndroidManifest.xml:5:5-67
12-->src\main\AndroidManifest.xml:5:22-64
13    <uses-permission android:name="android.permission.RECORD_AUDIO" />
13-->src\main\AndroidManifest.xml:6:5-71
13-->src\main\AndroidManifest.xml:6:22-68
14    <uses-permission android:name="android.permission.READ_CONTACTS" />
14-->src\main\AndroidManifest.xml:7:5-72
14-->src\main\AndroidManifest.xml:7:22-69
15    <uses-permission android:name="android.permission.CALL_PHONE" />
15-->src\main\AndroidManifest.xml:8:5-69
15-->src\main\AndroidManifest.xml:8:22-66
16    <uses-permission android:name="android.permission.VIBRATE" />
16-->src\main\AndroidManifest.xml:9:5-66
16-->src\main\AndroidManifest.xml:9:22-63
17    <uses-permission android:name="android.permission.POST_NOTIFICATIONS" />
17-->src\main\AndroidManifest.xml:10:5-77
17-->src\main\AndroidManifest.xml:10:22-74
18
19    <permission
19-->[androidx.core:core:1.15.0] AndroidManifest.xml:22:5-24:47
20        android:name="com.kiranstore.manager.DYNAMIC_RECEIVER_NOT_EXPORTED_PERMISSION"
20-->[androidx.core:core:1.15.0] AndroidManifest.xml:23:9-81
21        android:protectionLevel="signature" />
21-->[androidx.core:core:1.15.0] AndroidManifest.xml:24:9-44
22
23    <uses-permission android:name="com.kiranstore.manager.DYNAMIC_RECEIVER_NOT_EXPORTED_PERMISSION" />
23-->[androidx.core:core:1.15.0] AndroidManifest.xml:26:5-97
23-->[androidx.core:core:1.15.0] AndroidManifest.xml:26:22-94
24
25    <application
25-->src\main\AndroidManifest.xml:12:5-45:19
26        android:name="com.kiranstore.manager.KiranApp"
26-->src\main\AndroidManifest.xml:13:9-33
27        android:allowBackup="true"
27-->src\main\AndroidManifest.xml:14:9-35
28        android:appComponentFactory="androidx.core.app.CoreComponentFactory"
28-->[androidx.core:core:1.15.0] AndroidManifest.xml:28:18-86
29        android:debuggable="true"
30        android:extractNativeLibs="false"
31        android:hardwareAccelerated="true"
31-->src\main\AndroidManifest.xml:20:9-43
32        android:icon="@mipmap/ic_launcher"
32-->src\main\AndroidManifest.xml:15:9-43
33        android:label="@string/app_name"
33-->src\main\AndroidManifest.xml:16:9-41
34        android:largeHeap="true"
34-->src\main\AndroidManifest.xml:21:9-33
35        android:roundIcon="@mipmap/ic_launcher_round"
35-->src\main\AndroidManifest.xml:17:9-54
36        android:supportsRtl="true"
36-->src\main\AndroidManifest.xml:18:9-35
37        android:theme="@style/Theme.KiranStoreManager" >
37-->src\main\AndroidManifest.xml:19:9-55
38        <activity
38-->src\main\AndroidManifest.xml:23:9-32:20
39            android:name="com.kiranstore.manager.MainActivity"
39-->src\main\AndroidManifest.xml:24:13-41
40            android:exported="true"
40-->src\main\AndroidManifest.xml:25:13-36
41            android:theme="@style/Theme.KiranStoreManager.SplashScreen"
41-->src\main\AndroidManifest.xml:27:13-72
42            android:windowSoftInputMode="adjustResize" >
42-->src\main\AndroidManifest.xml:26:13-55
43            <intent-filter>
43-->src\main\AndroidManifest.xml:28:13-31:29
44                <action android:name="android.intent.action.MAIN" />
44-->src\main\AndroidManifest.xml:29:17-69
44-->src\main\AndroidManifest.xml:29:25-66
45
46                <category android:name="android.intent.category.LAUNCHER" />
46-->src\main\AndroidManifest.xml:30:17-77
46-->src\main\AndroidManifest.xml:30:27-74
47            </intent-filter>
48        </activity>
49
50        <!-- Contact Picker Provider -->
51        <provider
52            android:name="androidx.core.content.FileProvider"
52-->src\main\AndroidManifest.xml:36:13-62
53            android:authorities="com.kiranstore.manager.fileprovider"
53-->src\main\AndroidManifest.xml:37:13-64
54            android:exported="false"
54-->src\main\AndroidManifest.xml:38:13-37
55            android:grantUriPermissions="true" >
55-->src\main\AndroidManifest.xml:39:13-47
56            <meta-data
56-->src\main\AndroidManifest.xml:40:13-42:54
57                android:name="android.support.FILE_PROVIDER_PATHS"
57-->src\main\AndroidManifest.xml:41:17-67
58                android:resource="@xml/file_paths" />
58-->src\main\AndroidManifest.xml:42:17-51
59        </provider>
60        <provider
60-->[io.github.jan-tennert.supabase:auth-kt-android-debug:3.0.2] AndroidManifest.xml:9:9-17:20
61            android:name="androidx.startup.InitializationProvider"
61-->[io.github.jan-tennert.supabase:auth-kt-android-debug:3.0.2] AndroidManifest.xml:10:13-67
62            android:authorities="com.kiranstore.manager.androidx-startup"
62-->[io.github.jan-tennert.supabase:auth-kt-android-debug:3.0.2] AndroidManifest.xml:11:13-68
63            android:exported="false" >
63-->[io.github.jan-tennert.supabase:auth-kt-android-debug:3.0.2] AndroidManifest.xml:12:13-37
64            <meta-data
64-->[io.github.jan-tennert.supabase:auth-kt-android-debug:3.0.2] AndroidManifest.xml:14:13-16:52
65                android:name="io.github.jan.supabase.auth.SupabaseInitializer"
65-->[io.github.jan-tennert.supabase:auth-kt-android-debug:3.0.2] AndroidManifest.xml:15:17-79
66                android:value="androidx.startup" />
66-->[io.github.jan-tennert.supabase:auth-kt-android-debug:3.0.2] AndroidManifest.xml:16:17-49
67            <meta-data
67-->[androidx.emoji2:emoji2:1.3.0] AndroidManifest.xml:29:13-31:52
68                android:name="androidx.emoji2.text.EmojiCompatInitializer"
68-->[androidx.emoji2:emoji2:1.3.0] AndroidManifest.xml:30:17-75
69                android:value="androidx.startup" />
69-->[androidx.emoji2:emoji2:1.3.0] AndroidManifest.xml:31:17-49
70            <meta-data
70-->[androidx.lifecycle:lifecycle-process:2.8.7] AndroidManifest.xml:29:13-31:52
71                android:name="androidx.lifecycle.ProcessLifecycleInitializer"
71-->[androidx.lifecycle:lifecycle-process:2.8.7] AndroidManifest.xml:30:17-78
72                android:value="androidx.startup" />
72-->[androidx.lifecycle:lifecycle-process:2.8.7] AndroidManifest.xml:31:17-49
73            <meta-data
73-->[androidx.profileinstaller:profileinstaller:1.3.1] AndroidManifest.xml:29:13-31:52
74                android:name="androidx.profileinstaller.ProfileInstallerInitializer"
74-->[androidx.profileinstaller:profileinstaller:1.3.1] AndroidManifest.xml:30:17-85
75                android:value="androidx.startup" />
75-->[androidx.profileinstaller:profileinstaller:1.3.1] AndroidManifest.xml:31:17-49
76            <meta-data
76-->[com.russhwolf:multiplatform-settings-no-arg-android-debug:1.2.0] AndroidManifest.xml:29:13-31:52
77                android:name="com.russhwolf.settings.SettingsInitializer"
77-->[com.russhwolf:multiplatform-settings-no-arg-android-debug:1.2.0] AndroidManifest.xml:30:17-74
78                android:value="androidx.startup" />
78-->[com.russhwolf:multiplatform-settings-no-arg-android-debug:1.2.0] AndroidManifest.xml:31:17-49
79        </provider>
80
81        <activity
81-->[androidx.compose.ui:ui-tooling-android:1.7.5] AndroidManifest.xml:23:9-25:39
82            android:name="androidx.compose.ui.tooling.PreviewActivity"
82-->[androidx.compose.ui:ui-tooling-android:1.7.5] AndroidManifest.xml:24:13-71
83            android:exported="true" />
83-->[androidx.compose.ui:ui-tooling-android:1.7.5] AndroidManifest.xml:25:13-36
84
85        <service
85-->[androidx.room:room-runtime:2.6.1] AndroidManifest.xml:24:9-28:63
86            android:name="androidx.room.MultiInstanceInvalidationService"
86-->[androidx.room:room-runtime:2.6.1] AndroidManifest.xml:25:13-74
87            android:directBootAware="true"
87-->[androidx.room:room-runtime:2.6.1] AndroidManifest.xml:26:13-43
88            android:exported="false" />
88-->[androidx.room:room-runtime:2.6.1] AndroidManifest.xml:27:13-37
89
90        <receiver
90-->[androidx.profileinstaller:profileinstaller:1.3.1] AndroidManifest.xml:34:9-52:20
91            android:name="androidx.profileinstaller.ProfileInstallReceiver"
91-->[androidx.profileinstaller:profileinstaller:1.3.1] AndroidManifest.xml:35:13-76
92            android:directBootAware="false"
92-->[androidx.profileinstaller:profileinstaller:1.3.1] AndroidManifest.xml:36:13-44
93            android:enabled="true"
93-->[androidx.profileinstaller:profileinstaller:1.3.1] AndroidManifest.xml:37:13-35
94            android:exported="true"
94-->[androidx.profileinstaller:profileinstaller:1.3.1] AndroidManifest.xml:38:13-36
95            android:permission="android.permission.DUMP" >
95-->[androidx.profileinstaller:profileinstaller:1.3.1] AndroidManifest.xml:39:13-57
96            <intent-filter>
96-->[androidx.profileinstaller:profileinstaller:1.3.1] AndroidManifest.xml:40:13-42:29
97                <action android:name="androidx.profileinstaller.action.INSTALL_PROFILE" />
97-->[androidx.profileinstaller:profileinstaller:1.3.1] AndroidManifest.xml:41:17-91
97-->[androidx.profileinstaller:profileinstaller:1.3.1] AndroidManifest.xml:41:25-88
98            </intent-filter>
99            <intent-filter>
99-->[androidx.profileinstaller:profileinstaller:1.3.1] AndroidManifest.xml:43:13-45:29
100                <action android:name="androidx.profileinstaller.action.SKIP_FILE" />
100-->[androidx.profileinstaller:profileinstaller:1.3.1] AndroidManifest.xml:44:17-85
100-->[androidx.profileinstaller:profileinstaller:1.3.1] AndroidManifest.xml:44:25-82
101            </intent-filter>
102            <intent-filter>
102-->[androidx.profileinstaller:profileinstaller:1.3.1] AndroidManifest.xml:46:13-48:29
103                <action android:name="androidx.profileinstaller.action.SAVE_PROFILE" />
103-->[androidx.profileinstaller:profileinstaller:1.3.1] AndroidManifest.xml:47:17-88
103-->[androidx.profileinstaller:profileinstaller:1.3.1] AndroidManifest.xml:47:25-85
104            </intent-filter>
105            <intent-filter>
105-->[androidx.profileinstaller:profileinstaller:1.3.1] AndroidManifest.xml:49:13-51:29
106                <action android:name="androidx.profileinstaller.action.BENCHMARK_OPERATION" />
106-->[androidx.profileinstaller:profileinstaller:1.3.1] AndroidManifest.xml:50:17-95
106-->[androidx.profileinstaller:profileinstaller:1.3.1] AndroidManifest.xml:50:25-92
107            </intent-filter>
108        </receiver>
109    </application>
110
111</manifest>